Determining if the pthread_create exist failed with the following output:
Change Dir: /home/veerash/Rover/ROS_WS/build/CMakeFiles/CMakeTmp

Run Build Command:"/usr/bin/make" "cmTC_56880/fast"
/usr/bin/make -f CMakeFiles/cmTC_56880.dir/build.make CMakeFiles/cmTC_56880.dir/build
make[1]: Entering directory '/home/veerash/Rover/ROS_WS/build/CMakeFiles/CMakeTmp'
Building C object CMakeFiles/cmTC_56880.dir/CheckSymbolExists.c.o
/usr/bin/cc    -o CMakeFiles/cmTC_56880.dir/CheckSymbolExists.c.o   -c /home/veerash/Rover/ROS_WS/build/CMakeFiles/CMakeTmp/CheckSymbolExists.c
Linking C executable cmTC_56880
/usr/bin/cmake -E cmake_link_script CMakeFiles/cmTC_56880.dir/link.txt --verbose=1
/usr/bin/cc      -rdynamic CMakeFiles/cmTC_56880.dir/CheckSymbolExists.c.o  -o cmTC_56880 
CMakeFiles/cmTC_56880.dir/CheckSymbolExists.c.o: In function `main':
CheckSymbolExists.c:(.text+0x1b): undefined reference to `pthread_create'
collect2: error: ld returned 1 exit status
CMakeFiles/cmTC_56880.dir/build.make:97: recipe for target 'cmTC_56880' failed
make[1]: *** [cmTC_56880] Error 1
make[1]: Leaving directory '/home/veerash/Rover/ROS_WS/build/CMakeFiles/CMakeTmp'
Makefile:126: recipe for target 'cmTC_56880/fast' failed
make: *** [cmTC_56880/fast] Error 2

File /home/veerash/Rover/ROS_WS/build/CMakeFiles/CMakeTmp/CheckSymbolExists.c:
/* */
#include <pthread.h>

int main(int argc, char** argv)
{
  (void)argv;
#ifndef pthread_create
  return ((int*)(&pthread_create))[argc];
#else
  (void)argc;
  return 0;
#endif
}

Determining if the function pthread_create exists in the pthreads failed with the following output:
Change Dir: /home/veerash/Rover/ROS_WS/build/CMakeFiles/CMakeTmp

Run Build Command:"/usr/bin/make" "cmTC_178aa/fast"
/usr/bin/make -f CMakeFiles/cmTC_178aa.dir/build.make CMakeFiles/cmTC_178aa.dir/build
make[1]: Entering directory '/home/veerash/Rover/ROS_WS/build/CMakeFiles/CMakeTmp'
Building C object CMakeFiles/cmTC_178aa.dir/CheckFunctionExists.c.o
/usr/bin/cc   -DCHECK_FUNCTION_EXISTS=pthread_create   -o CMakeFiles/cmTC_178aa.dir/CheckFunctionExists.c.o   -c /usr/share/cmake-3.10/Modules/CheckFunctionExists.c
Linking C executable cmTC_178aa
/usr/bin/cmake -E cmake_link_script CMakeFiles/cmTC_178aa.dir/link.txt --verbose=1
/usr/bin/cc  -DCHECK_FUNCTION_EXISTS=pthread_create    -rdynamic CMakeFiles/cmTC_178aa.dir/CheckFunctionExists.c.o  -o cmTC_178aa -lpthreads 
/usr/bin/ld: cannot find -lpthreads
collect2: error: ld returned 1 exit status
CMakeFiles/cmTC_178aa.dir/build.make:97: recipe for target 'cmTC_178aa' failed
make[1]: *** [cmTC_178aa] Error 1
make[1]: Leaving directory '/home/veerash/Rover/ROS_WS/build/CMakeFiles/CMakeTmp'
Makefile:126: recipe for target 'cmTC_178aa/fast' failed
make: *** [cmTC_178aa/fast] Error 2


